Using pre-set license
Built from '2021.1/staging' branch; Version is '2021.1.12f1 (afcadd793de6) revision 11520733'; Using compiler version '192528614'; Build Type 'Release'
OS: 'Windows 10 Pro; OS build 19042.1110; Version 2009; 64bit' Language: 'en' Physical Memory: 32612 MB
BatchMode: 1, IsHumanControllingUs: 0, StartBugReporterOnCrash: 0, Is64bit: 1, IsPro: 0

 COMMAND LINE ARGUMENTS:
E:\Unity\2021.1.12f1\Editor\Unity.exe
-adb2
-batchMode
-noUpm
-name
AssetImportWorker0
-projectPath
D:/Projects/MLAPI_Test
-logFile
Logs/AssetImportWorker0.log
-srvPort
56465
Successfully changed project path to: D:/Projects/MLAPI_Test
D:/Projects/MLAPI_Test
Using Asset Import Pipeline V2.
Refreshing native plugins compatible for Editor in 134.81 ms, found 5 plugins.
Preloading 1 native plugins for Editor in 0.91 ms.
Initialize engine version: 2021.1.12f1 (afcadd793de6)
[Subsystems] Discovering subsystems at path E:/Unity/2021.1.12f1/Editor/Data/Resources/UnitySubsystems
[Subsystems] Discovering subsystems at path D:/Projects/MLAPI_Test/Assets
GfxDevice: creating device client; threaded=0; jobified=0
Direct3D:
    Version:  Direct3D 11.0 [level 11.1]
    Renderer: NVIDIA GeForce RTX 2070 with Max-Q Design (ID=0x1f10)
    Vendor:   NVIDIA
    VRAM:     8031 MB
    Driver:   27.21.14.6647
Initialize mono
Mono path[0] = 'E:/Unity/2021.1.12f1/Editor/Data/Managed'
Mono path[1] = 'E:/Unity/2021.1.12f1/Editor/Data/MonoBleedingEdge/lib/mono/unityjit'
Mono config path = 'E:/Unity/2021.1.12f1/Editor/Data/MonoBleedingEdge/etc'
Using monoOptions --debugger-agent=transport=dt_socket,embedding=1,server=y,suspend=n,address=127.0.0.1:56448
Begin MonoManager ReloadAssembly
Registering precompiled unity dll's ...
Register platform support module: E:/Unity/2021.1.12f1/Editor/Data/PlaybackEngines/WindowsStandaloneSupport/UnityEditor.WindowsStandalone.Extensions.dll
Registered in 0.001362 seconds.
Native extension for WindowsStandalone target not found
Refreshing native plugins compatible for Editor in 117.73 ms, found 5 plugins.
Preloading 1 native plugins for Editor in 0.06 ms.
Mono: successfully reloaded assembly
- Completed reload, in  2.719 seconds
Domain Reload Profiling:
	ReloadAssembly (2719ms)
		BeginReloadAssembly (72ms)
			ExecutionOrderSort (0ms)
			DisableScriptedObjects (0ms)
			BackupInstance (0ms)
			ReleaseScriptingObjects (0ms)
			CreateAndSetChildDomain (1ms)
		EndReloadAssembly (526ms)
			LoadAssemblies (71ms)
			RebuildTransferFunctionScriptingTraits (0ms)
			SetupTypeCache (173ms)
			ReleaseScriptCaches (0ms)
			RebuildScriptCaches (39ms)
			SetupLoadedEditorAssemblies (265ms)
				LogAssemblyErrors (0ms)
				InitializePlatformSupportModulesInManaged (7ms)
				SetLoadedEditorAssemblies (0ms)
				RefreshPlugins (118ms)
				BeforeProcessingInitializeOnLoad (2ms)
				ProcessInitializeOnLoadAttributes (108ms)
				ProcessInitializeOnLoadMethodAttributes (30ms)
				AfterProcessingInitializeOnLoad (0ms)
				EditorAssembliesLoaded (0ms)
			ExecutionOrderSort2 (0ms)
			AwakeInstancesAfterBackupRestoration (0ms)
Platform modules already initialized, skipping
Registering precompiled user dll's ...
Registered in 0.011250 seconds.
Begin MonoManager ReloadAssembly
Symbol file LoadedFromMemory doesn't match image D:\Projects\MLAPI_Test\Library\PackageCache\com.unity.visualscripting@1.6.1\Editor\VisualScripting.Core\Dependencies\DotNetZip\Unity.VisualScripting.IonicZip.dll
Symbol file LoadedFromMemory doesn't match image D:\Projects\MLAPI_Test\Library\PackageCache\com.unity.visualscripting@1.6.1\Editor\VisualScripting.Core\Dependencies\YamlDotNet\Unity.VisualScripting.YamlDotNet.dll
Native extension for WindowsStandalone target not found
Refreshing native plugins compatible for Editor in 119.11 ms, found 5 plugins.
Preloading 1 native plugins for Editor in 0.05 ms.
Mono: successfully reloaded assembly
- Completed reload, in  1.435 seconds
Domain Reload Profiling:
	ReloadAssembly (1435ms)
		BeginReloadAssembly (166ms)
			ExecutionOrderSort (0ms)
			DisableScriptedObjects (6ms)
			BackupInstance (0ms)
			ReleaseScriptingObjects (0ms)
			CreateAndSetChildDomain (20ms)
		EndReloadAssembly (1214ms)
			LoadAssemblies (119ms)
			RebuildTransferFunctionScriptingTraits (0ms)
			SetupTypeCache (432ms)
			ReleaseScriptCaches (1ms)
			RebuildScriptCaches (70ms)
			SetupLoadedEditorAssemblies (505ms)
				LogAssemblyErrors (0ms)
				InitializePlatformSupportModulesInManaged (4ms)
				SetLoadedEditorAssemblies (0ms)
				RefreshPlugins (119ms)
				BeforeProcessingInitializeOnLoad (108ms)
				ProcessInitializeOnLoadAttributes (266ms)
				ProcessInitializeOnLoadMethodAttributes (5ms)
				AfterProcessingInitializeOnLoad (2ms)
				EditorAssembliesLoaded (0ms)
			ExecutionOrderSort2 (0ms)
			AwakeInstancesAfterBackupRestoration (7ms)
Platform modules already initialized, skipping
========================================================================
Worker process is ready to serve import requests
Launched and connected shader compiler UnityShaderCompiler.exe after 0.05 seconds
Refreshing native plugins compatible for Editor in 1.18 ms, found 5 plugins.
Preloading 1 native plugins for Editor in 0.04 ms.
Unloading 4869 Unused Serialized files (Serialized files now loaded: 0)
System memory in use before: 193.6 MB.
System memory in use after: 193.6 MB.

Unloading 61 unused Assets to reduce memory usage. Loaded Objects now: 5289.
Total: 3.695800 ms (FindLiveObjects: 0.500600 ms CreateObjectMapping: 0.360900 ms MarkObjects: 2.586800 ms  DeleteObjects: 0.246200 ms)

AssetImportParameters requested are different than current active one (requested -> active):
  custom:framework-win-MediaFoundation: 216162199b28c13a410421893ffa2e32 -> 
  custom:video-decoder-ogg-theora: a1e56fd34408186e4bbccfd4996cb3dc -> 
  custom:container-muxer-webm: aa71ff27fc2769a1b78a27578f13a17b -> 
  custom:container-demuxer-webm: 4f35f7cbe854078d1ac9338744f61a02 -> 
  custom:container-demuxer-ogg: 62fdf1f143b41e24485cea50d1cbac27 -> 
  custom:video-encoder-webm-vp8: eb34c28f22e8b96e1ab97ce403110664 -> 
  custom:video-decoder-webm-vp8: 9c59270c3fd7afecdb556c50c9e8de78 -> 
  custom:audio-decoder-ogg-vorbis: bf7c407c2cedff20999df2af8eb42d56 -> 
  custom:audio-encoder-webm-vorbis: bf7c407c2cedff20999df2af8eb42d56 -> 
========================================================================
Received Import Request.
  path: Assets/3rdParty/MLAPI-Dissonance-master
  artifactKey: Guid(290e7368fe75c824fa6ffc89466a845d) Importer(815301076,1909f56bfc062723c751e8b465ee728b)
Start importing Assets/3rdParty/MLAPI-Dissonance-master using Guid(290e7368fe75c824fa6ffc89466a845d) Importer(815301076,1909f56bfc062723c751e8b465ee728b)  -> (artifact id: '303a6cfbc0295afebe093c1f558b1fb3') in 0.011842 seconds 
========================================================================
Received Import Request.
  Time since last request: 0.000222 seconds.
  path: Assets/3rdParty/MLAPI-Dissonance-master/README.md
  artifactKey: Guid(b7f3fd99516e2c949876c8728d4ae079) Importer(815301076,1909f56bfc062723c751e8b465ee728b)
Start importing Assets/3rdParty/MLAPI-Dissonance-master/README.md using Guid(b7f3fd99516e2c949876c8728d4ae079) Importer(815301076,1909f56bfc062723c751e8b465ee728b)  -> (artifact id: 'de5c9ccaf057cf1c4722ddaf6adb895f') in 0.057869 seconds 
========================================================================
Received Import Request.
  Time since last request: 9.688607 seconds.
  path: Assets/3rdParty/MLAPI-Dissonance-master/Geo Kart Story 3.gif
  artifactKey: Guid(9e5b4ac5c255984489616719fc9fd340) Importer(815301076,1909f56bfc062723c751e8b465ee728b)
Start importing Assets/3rdParty/MLAPI-Dissonance-master/Geo Kart Story 3.gif using Guid(9e5b4ac5c255984489616719fc9fd340) Importer(815301076,1909f56bfc062723c751e8b465ee728b)  -> (artifact id: '7158201aafcbda5b120867f6db44f145') in 0.096702 seconds 
========================================================================
Received Import Request.
  Time since last request: 12.853810 seconds.
  path: Assets/3rdParty/FastIK
  artifactKey: Guid(0cc1227811860b2489f86ffe753d9431) Importer(815301076,1909f56bfc062723c751e8b465ee728b)
Start importing Assets/3rdParty/FastIK using Guid(0cc1227811860b2489f86ffe753d9431) Importer(815301076,1909f56bfc062723c751e8b465ee728b)  -> (artifact id: '97cb8e2d2f4137577664a2d5be093228') in 0.008462 seconds 
========================================================================
Received Import Request.
  Time since last request: 4.082841 seconds.
  path: Assets/3rdParty/MLAPI-Dissonance-master/MlapiClient.cs
  artifactKey: Guid(8c74b56b08b834941a4a4431399fa31c) Importer(815301076,1909f56bfc062723c751e8b465ee728b)
Start importing Assets/3rdParty/MLAPI-Dissonance-master/MlapiClient.cs using Guid(8c74b56b08b834941a4a4431399fa31c) Importer(815301076,1909f56bfc062723c751e8b465ee728b)  -> (artifact id: 'eaa9518f8f7d0898ffb334e3ff0a4fce') in 0.010476 seconds 
========================================================================
Received Import Request.
  Time since last request: 3.238039 seconds.
  path: Assets/3rdParty/MLAPI-Dissonance-master/MlapiCommsNetwork.cs
  artifactKey: Guid(a09f534900d52fe4a94727fba43854e4) Importer(815301076,1909f56bfc062723c751e8b465ee728b)
Start importing Assets/3rdParty/MLAPI-Dissonance-master/MlapiCommsNetwork.cs using Guid(a09f534900d52fe4a94727fba43854e4) Importer(815301076,1909f56bfc062723c751e8b465ee728b)  -> (artifact id: 'a847d6d1f256d9bda000d85972afa40a') in 0.007800 seconds 
========================================================================
Received Import Request.
  Time since last request: 6.053485 seconds.
  path: Assets/3rdParty/MLAPI-Dissonance-master/MlapiConn.cs
  artifactKey: Guid(c680c22f0e9c7f44594b94500963315f) Importer(815301076,1909f56bfc062723c751e8b465ee728b)
Start importing Assets/3rdParty/MLAPI-Dissonance-master/MlapiConn.cs using Guid(c680c22f0e9c7f44594b94500963315f) Importer(815301076,1909f56bfc062723c751e8b465ee728b)  -> (artifact id: '49a3a6d9cddfe65218be4420725ddfe9') in 0.008121 seconds 
========================================================================
Received Import Request.
  Time since last request: 1.960373 seconds.
  path: Assets/3rdParty/MLAPI-Dissonance-master/MlapiServer.cs
  artifactKey: Guid(fcd3efeee75b1b4469010c0eae4d5ce5) Importer(815301076,1909f56bfc062723c751e8b465ee728b)
Start importing Assets/3rdParty/MLAPI-Dissonance-master/MlapiServer.cs using Guid(fcd3efeee75b1b4469010c0eae4d5ce5) Importer(815301076,1909f56bfc062723c751e8b465ee728b)  -> (artifact id: 'f5ff084c7e5de226ab0f88355c64d7b8') in 0.007715 seconds 
========================================================================
Received Prepare
Registering precompiled user dll's ...
Registered in 0.012371 seconds.
Begin MonoManager ReloadAssembly
Symbol file LoadedFromMemory doesn't match image D:\Projects\MLAPI_Test\Library\PackageCache\com.unity.visualscripting@1.6.1\Editor\VisualScripting.Core\Dependencies\DotNetZip\Unity.VisualScripting.IonicZip.dll
Symbol file LoadedFromMemory doesn't match image D:\Projects\MLAPI_Test\Library\PackageCache\com.unity.visualscripting@1.6.1\Editor\VisualScripting.Core\Dependencies\YamlDotNet\Unity.VisualScripting.YamlDotNet.dll
Native extension for WindowsStandalone target not found
Refreshing native plugins compatible for Editor in 1.24 ms, found 5 plugins.
Preloading 1 native plugins for Editor in 0.04 ms.
Mono: successfully reloaded assembly
- Completed reload, in  1.414 seconds
Domain Reload Profiling:
	ReloadAssembly (1414ms)
		BeginReloadAssembly (156ms)
			ExecutionOrderSort (0ms)
			DisableScriptedObjects (5ms)
			BackupInstance (0ms)
			ReleaseScriptingObjects (0ms)
			CreateAndSetChildDomain (47ms)
		EndReloadAssembly (1194ms)
			LoadAssemblies (136ms)
			RebuildTransferFunctionScriptingTraits (0ms)
			SetupTypeCache (461ms)
			ReleaseScriptCaches (2ms)
			RebuildScriptCaches (61ms)
			SetupLoadedEditorAssemblies (398ms)
				LogAssemblyErrors (0ms)
				InitializePlatformSupportModulesInManaged (6ms)
				SetLoadedEditorAssemblies (1ms)
				RefreshPlugins (1ms)
				BeforeProcessingInitializeOnLoad (82ms)
				ProcessInitializeOnLoadAttributes (298ms)
				ProcessInitializeOnLoadMethodAttributes (6ms)
				AfterProcessingInitializeOnLoad (3ms)
				EditorAssembliesLoaded (0ms)
			ExecutionOrderSort2 (0ms)
			AwakeInstancesAfterBackupRestoration (18ms)
Platform modules already initialized, skipping
Refreshing native plugins compatible for Editor in 1.32 ms, found 5 plugins.
Preloading 1 native plugins for Editor in 0.04 ms.
Unloading 4722 Unused Serialized files (Serialized files now loaded: 0)
System memory in use before: 183.6 MB.
System memory in use after: 183.6 MB.

Unloading 61 unused Assets to reduce memory usage. Loaded Objects now: 5303.
Total: 4.401300 ms (FindLiveObjects: 0.404500 ms CreateObjectMapping: 0.291300 ms MarkObjects: 3.460200 ms  DeleteObjects: 0.243900 ms)

AssetImportParameters requested are different than current active one (requested -> active):
  custom:framework-win-MediaFoundation: 216162199b28c13a410421893ffa2e32 -> 
  custom:video-decoder-ogg-theora: a1e56fd34408186e4bbccfd4996cb3dc -> 
  custom:container-muxer-webm: aa71ff27fc2769a1b78a27578f13a17b -> 
  custom:container-demuxer-webm: 4f35f7cbe854078d1ac9338744f61a02 -> 
  custom:container-demuxer-ogg: 62fdf1f143b41e24485cea50d1cbac27 -> 
  custom:video-encoder-webm-vp8: eb34c28f22e8b96e1ab97ce403110664 -> 
  custom:video-decoder-webm-vp8: 9c59270c3fd7afecdb556c50c9e8de78 -> 
  custom:audio-decoder-ogg-vorbis: bf7c407c2cedff20999df2af8eb42d56 -> 
  custom:audio-encoder-webm-vorbis: bf7c407c2cedff20999df2af8eb42d56 -> 
========================================================================
Received Import Request.
  Time since last request: 2468.860744 seconds.
  path: Assets/3rdParty/Dissonance
  artifactKey: Guid(455935e6ab69160498875d2d7f681916) Importer(815301076,1909f56bfc062723c751e8b465ee728b)
Start importing Assets/3rdParty/Dissonance using Guid(455935e6ab69160498875d2d7f681916) Importer(815301076,1909f56bfc062723c751e8b465ee728b)  -> (artifact id: '46d0d14ffffd46477b8cba4b413ebfd1') in 0.040537 seconds 
========================================================================
Received Import Request.
  Time since last request: 5.805276 seconds.
  path: Assets/3rdParty/Dissonance/Core
  artifactKey: Guid(094ec0524071418680f5ce653679db9e) Importer(815301076,1909f56bfc062723c751e8b465ee728b)
Start importing Assets/3rdParty/Dissonance/Core using Guid(094ec0524071418680f5ce653679db9e) Importer(815301076,1909f56bfc062723c751e8b465ee728b)  -> (artifact id: '863049ba5dba94a4af05acc3aebba051') in 0.011520 seconds 
========================================================================
Received Import Request.
  Time since last request: 4094.476826 seconds.
  path: Assets/3rdParty/Mirror
  artifactKey: Guid(5cf8eb36be0834b3da408c694a41cb88) Importer(815301076,1909f56bfc062723c751e8b465ee728b)
Start importing Assets/3rdParty/Mirror using Guid(5cf8eb36be0834b3da408c694a41cb88) Importer(815301076,1909f56bfc062723c751e8b465ee728b)  -> (artifact id: '54883f6e3b61bac95ef1bd10290fd14f') in 0.010035 seconds 
========================================================================
Received Prepare
Registering precompiled user dll's ...
Registered in 0.256541 seconds.
Begin MonoManager ReloadAssembly
Symbol file LoadedFromMemory doesn't match image D:\Projects\MLAPI_Test\Library\PackageCache\com.unity.visualscripting@1.6.1\Editor\VisualScripting.Core\Dependencies\DotNetZip\Unity.VisualScripting.IonicZip.dll
Symbol file LoadedFromMemory doesn't match image D:\Projects\MLAPI_Test\Library\PackageCache\com.unity.visualscripting@1.6.1\Editor\VisualScripting.Core\Dependencies\YamlDotNet\Unity.VisualScripting.YamlDotNet.dll
Native extension for WindowsStandalone target not found
Refreshing native plugins compatible for Editor in 1.56 ms, found 5 plugins.
Preloading 1 native plugins for Editor in 0.06 ms.
[ScriptCompilation] NOT recompiling all scripts because this is an import worker process. Reason to compile was: Define symbols changed
Failed to find Mirror runtime assembly
UnityEngine.StackTraceUtility:ExtractStackTrace ()
UnityEngine.DebugLogHandler:LogFormat (UnityEngine.LogType,UnityEngine.Object,string,object[])
UnityEngine.Logger:Log (UnityEngine.LogType,object)
UnityEngine.Debug:LogError (object)
Mirror.Weaver.CompilationFinishedHook:OnCompilationFinished (string,UnityEditor.Compilation.CompilerMessage[]) (at Assets/3rdParty/Mirror/Editor/Weaver/CompilationFinishedHook.cs:116)
Mirror.Weaver.CompilationFinishedHook:WeaveExistingAssemblies () (at Assets/3rdParty/Mirror/Editor/Weaver/CompilationFinishedHook.cs:62)
Mirror.Weaver.CompilationFinishedHook:OnInitializeOnLoad () (at Assets/3rdParty/Mirror/Editor/Weaver/CompilationFinishedHook.cs:52)
System.Reflection.MonoMethod:Invoke (object,System.Reflection.BindingFlags,System.Reflection.Binder,object[],System.Globalization.CultureInfo)
System.Reflection.MethodBase:Invoke (object,object[])
UnityEditor.EditorAssemblies:ProcessInitializeOnLoadMethodAttributes ()

(Filename: Assets/3rdParty/Mirror/Editor/Weaver/CompilationFinishedHook.cs Line: 116)

Failed to find Mirror runtime assembly
UnityEngine.StackTraceUtility:ExtractStackTrace ()
UnityEngine.DebugLogHandler:LogFormat (UnityEngine.LogType,UnityEngine.Object,string,object[])
UnityEngine.Logger:Log (UnityEngine.LogType,object)
UnityEngine.Debug:LogError (object)
Mirror.Weaver.CompilationFinishedHook:OnCompilationFinished (string,UnityEditor.Compilation.CompilerMessage[]) (at Assets/3rdParty/Mirror/Editor/Weaver/CompilationFinishedHook.cs:116)
Mirror.Weaver.CompilationFinishedHook:WeaveExistingAssemblies () (at Assets/3rdParty/Mirror/Editor/Weaver/CompilationFinishedHook.cs:62)
Mirror.Weaver.CompilationFinishedHook:OnInitializeOnLoad () (at Assets/3rdParty/Mirror/Editor/Weaver/CompilationFinishedHook.cs:52)
System.Reflection.MonoMethod:Invoke (object,System.Reflection.BindingFlags,System.Reflection.Binder,object[],System.Globalization.CultureInfo)
System.Reflection.MethodBase:Invoke (object,object[])
UnityEditor.EditorAssemblies:ProcessInitializeOnLoadMethodAttributes ()

(Filename: Assets/3rdParty/Mirror/Editor/Weaver/CompilationFinishedHook.cs Line: 116)

Failed to find Mirror runtime assembly
UnityEngine.StackTraceUtility:ExtractStackTrace ()
UnityEngine.DebugLogHandler:LogFormat (UnityEngine.LogType,UnityEngine.Object,string,object[])
UnityEngine.Logger:Log (UnityEngine.LogType,object)
UnityEngine.Debug:LogError (object)
Mirror.Weaver.CompilationFinishedHook:OnCompilationFinished (string,UnityEditor.Compilation.CompilerMessage[]) (at Assets/3rdParty/Mirror/Editor/Weaver/CompilationFinishedHook.cs:116)
Mirror.Weaver.CompilationFinishedHook:WeaveExistingAssemblies () (at Assets/3rdParty/Mirror/Editor/Weaver/CompilationFinishedHook.cs:62)
Mirror.Weaver.CompilationFinishedHook:OnInitializeOnLoad () (at Assets/3rdParty/Mirror/Editor/Weaver/CompilationFinishedHook.cs:52)
System.Reflection.MonoMethod:Invoke (object,System.Reflection.BindingFlags,System.Reflection.Binder,object[],System.Globalization.CultureInfo)
System.Reflection.MethodBase:Invoke (object,object[])
UnityEditor.EditorAssemblies:ProcessInitializeOnLoadMethodAttributes ()

(Filename: Assets/3rdParty/Mirror/Editor/Weaver/CompilationFinishedHook.cs Line: 116)

Failed to find Mirror runtime assembly
UnityEngine.StackTraceUtility:ExtractStackTrace ()
UnityEngine.DebugLogHandler:LogFormat (UnityEngine.LogType,UnityEngine.Object,string,object[])
UnityEngine.Logger:Log (UnityEngine.LogType,object)
UnityEngine.Debug:LogError (object)
Mirror.Weaver.CompilationFinishedHook:OnCompilationFinished (string,UnityEditor.Compilation.CompilerMessage[]) (at Assets/3rdParty/Mirror/Editor/Weaver/CompilationFinishedHook.cs:116)
Mirror.Weaver.CompilationFinishedHook:WeaveExistingAssemblies () (at Assets/3rdParty/Mirror/Editor/Weaver/CompilationFinishedHook.cs:62)
Mirror.Weaver.CompilationFinishedHook:OnInitializeOnLoad () (at Assets/3rdParty/Mirror/Editor/Weaver/CompilationFinishedHook.cs:52)
System.Reflection.MonoMethod:Invoke (object,System.Reflection.BindingFlags,System.Reflection.Binder,object[],System.Globalization.CultureInfo)
System.Reflection.MethodBase:Invoke (object,object[])
UnityEditor.EditorAssemblies:ProcessInitializeOnLoadMethodAttributes ()

(Filename: Assets/3rdParty/Mirror/Editor/Weaver/CompilationFinishedHook.cs Line: 116)

Failed to find Mirror runtime assembly
UnityEngine.StackTraceUtility:ExtractStackTrace ()
UnityEngine.DebugLogHandler:LogFormat (UnityEngine.LogType,UnityEngine.Object,string,object[])
UnityEngine.Logger:Log (UnityEngine.LogType,object)
UnityEngine.Debug:LogError (object)
Mirror.Weaver.CompilationFinishedHook:OnCompilationFinished (string,UnityEditor.Compilation.CompilerMessage[]) (at Assets/3rdParty/Mirror/Editor/Weaver/CompilationFinishedHook.cs:116)
Mirror.Weaver.CompilationFinishedHook:WeaveExistingAssemblies () (at Assets/3rdParty/Mirror/Editor/Weaver/CompilationFinishedHook.cs:62)
Mirror.Weaver.CompilationFinishedHook:OnInitializeOnLoad () (at Assets/3rdParty/Mirror/Editor/Weaver/CompilationFinishedHook.cs:52)
System.Reflection.MonoMethod:Invoke (object,System.Reflection.BindingFlags,System.Reflection.Binder,object[],System.Globalization.CultureInfo)
System.Reflection.MethodBase:Invoke (object,object[])
UnityEditor.EditorAssemblies:ProcessInitializeOnLoadMethodAttributes ()

(Filename: Assets/3rdParty/Mirror/Editor/Weaver/CompilationFinishedHook.cs Line: 116)

Failed to find Mirror runtime assembly
UnityEngine.StackTraceUtility:ExtractStackTrace ()
UnityEngine.DebugLogHandler:LogFormat (UnityEngine.LogType,UnityEngine.Object,string,object[])
UnityEngine.Logger:Log (UnityEngine.LogType,object)
UnityEngine.Debug:LogError (object)
Mirror.Weaver.CompilationFinishedHook:OnCompilationFinished (string,UnityEditor.Compilation.CompilerMessage[]) (at Assets/3rdParty/Mirror/Editor/Weaver/CompilationFinishedHook.cs:116)
Mirror.Weaver.CompilationFinishedHook:WeaveExistingAssemblies () (at Assets/3rdParty/Mirror/Editor/Weaver/CompilationFinishedHook.cs:62)
Mirror.Weaver.CompilationFinishedHook:OnInitializeOnLoad () (at Assets/3rdParty/Mirror/Editor/Weaver/CompilationFinishedHook.cs:52)
System.Reflection.MonoMethod:Invoke (object,System.Reflection.BindingFlags,System.Reflection.Binder,object[],System.Globalization.CultureInfo)
System.Reflection.MethodBase:Invoke (object,object[])
UnityEditor.EditorAssemblies:ProcessInitializeOnLoadMethodAttributes ()

(Filename: Assets/3rdParty/Mirror/Editor/Weaver/CompilationFinishedHook.cs Line: 116)

Mono: successfully reloaded assembly
- Completed reload, in  2.171 seconds
Domain Reload Profiling:
	ReloadAssembly (2172ms)
		BeginReloadAssembly (310ms)
			ExecutionOrderSort (0ms)
			DisableScriptedObjects (39ms)
			BackupInstance (0ms)
			ReleaseScriptingObjects (0ms)
			CreateAndSetChildDomain (160ms)
		EndReloadAssembly (1794ms)
			LoadAssemblies (157ms)
			RebuildTransferFunctionScriptingTraits (0ms)
			SetupTypeCache (504ms)
			ReleaseScriptCaches (2ms)
			RebuildScriptCaches (57ms)
			SetupLoadedEditorAssemblies (948ms)
				LogAssemblyErrors (0ms)
				InitializePlatformSupportModulesInManaged (6ms)
				SetLoadedEditorAssemblies (1ms)
				RefreshPlugins (2ms)
				BeforeProcessingInitializeOnLoad (86ms)
				ProcessInitializeOnLoadAttributes (286ms)
				ProcessInitializeOnLoadMethodAttributes (565ms)
				AfterProcessingInitializeOnLoad (3ms)
				EditorAssembliesLoaded (0ms)
			ExecutionOrderSort2 (0ms)
			AwakeInstancesAfterBackupRestoration (16ms)
Platform modules already initialized, skipping
Refreshing native plugins compatible for Editor in 1.18 ms, found 5 plugins.
Preloading 1 native plugins for Editor in 0.04 ms.
Unloading 4993 Unused Serialized files (Serialized files now loaded: 0)
System memory in use before: 191.5 MB.
System memory in use after: 191.6 MB.

Unloading 62 unused Assets to reduce memory usage. Loaded Objects now: 5572.
Total: 5.146600 ms (FindLiveObjects: 0.727300 ms CreateObjectMapping: 0.471100 ms MarkObjects: 3.716500 ms  DeleteObjects: 0.230000 ms)

AssetImportParameters requested are different than current active one (requested -> active):
  custom:framework-win-MediaFoundation: 216162199b28c13a410421893ffa2e32 -> 
  custom:video-decoder-ogg-theora: a1e56fd34408186e4bbccfd4996cb3dc -> 
  custom:container-muxer-webm: aa71ff27fc2769a1b78a27578f13a17b -> 
  custom:container-demuxer-webm: 4f35f7cbe854078d1ac9338744f61a02 -> 
  custom:container-demuxer-ogg: 62fdf1f143b41e24485cea50d1cbac27 -> 
  custom:video-encoder-webm-vp8: eb34c28f22e8b96e1ab97ce403110664 -> 
  custom:video-decoder-webm-vp8: 9c59270c3fd7afecdb556c50c9e8de78 -> 
  custom:audio-decoder-ogg-vorbis: bf7c407c2cedff20999df2af8eb42d56 -> 
  custom:audio-encoder-webm-vorbis: bf7c407c2cedff20999df2af8eb42d56 -> 
========================================================================
Received Import Request.
  Time since last request: 2091.818426 seconds.
  path: Assets/Dissonance/Integrations/MirrorIgnorance/Demo/MirrorIgnorance Demo.unity
  artifactKey: Guid(bb07781d277bdb4419ed472505c89305) Importer(815301076,1909f56bfc062723c751e8b465ee728b)
Start importing Assets/Dissonance/Integrations/MirrorIgnorance/Demo/MirrorIgnorance Demo.unity using Guid(bb07781d277bdb4419ed472505c89305) Importer(815301076,1909f56bfc062723c751e8b465ee728b)  -> (artifact id: 'fa46a542ae654c243fc46fd54e3f9ce3') in 0.075333 seconds 
========================================================================
Received Import Request.
  Time since last request: 29.632801 seconds.
  path: Assets/Dissonance/Integrations/MirrorIgnorance/Demo/MirrorIgnorancePlayerController.cs
  artifactKey: Guid(8ac4b67bfe57fca4e880dd00f67f0d44) Importer(815301076,1909f56bfc062723c751e8b465ee728b)
Start importing Assets/Dissonance/Integrations/MirrorIgnorance/Demo/MirrorIgnorancePlayerController.cs using Guid(8ac4b67bfe57fca4e880dd00f67f0d44) Importer(815301076,1909f56bfc062723c751e8b465ee728b)  -> (artifact id: 'c02eb4cb8208d933828da39182b78473') in 0.016453 seconds 
========================================================================
Received Import Request.
  Time since last request: 0.489831 seconds.
  path: Assets/Dissonance/Integrations/MirrorIgnorance/Demo/MirrorIgnorance Player Prefab.prefab
  artifactKey: Guid(33b43533fb4799c4796560f465e0eb26) Importer(815301076,1909f56bfc062723c751e8b465ee728b)
Start importing Assets/Dissonance/Integrations/MirrorIgnorance/Demo/MirrorIgnorance Player Prefab.prefab using Guid(33b43533fb4799c4796560f465e0eb26) Importer(815301076,1909f56bfc062723c751e8b465ee728b)  -> (artifact id: '5baee16f991009283872bba4fb6c913f') in 0.767818 seconds 
========================================================================
Received Import Request.
  Time since last request: 51.104632 seconds.
  path: Assets/Dissonance/Integrations/MirrorIgnorance/Demo/MirrorIgnorance Player Prefab.prefab
  artifactKey: Guid(33b43533fb4799c4796560f465e0eb26) Importer(815301076,1909f56bfc062723c751e8b465ee728b)
Start importing Assets/Dissonance/Integrations/MirrorIgnorance/Demo/MirrorIgnorance Player Prefab.prefab using Guid(33b43533fb4799c4796560f465e0eb26) Importer(815301076,1909f56bfc062723c751e8b465ee728b)  -> (artifact id: '269254497dd82a3d031ad259f020990b') in 0.044625 seconds 
========================================================================
Received Import Request.
  Time since last request: 1.129853 seconds.
  path: Assets/Dissonance/Integrations/MirrorIgnorance/Demo/MirrorIgnorance Player Prefab.prefab
  artifactKey: Guid(33b43533fb4799c4796560f465e0eb26) Importer(815301076,1909f56bfc062723c751e8b465ee728b)
Start importing Assets/Dissonance/Integrations/MirrorIgnorance/Demo/MirrorIgnorance Player Prefab.prefab using Guid(33b43533fb4799c4796560f465e0eb26) Importer(815301076,1909f56bfc062723c751e8b465ee728b)  -> (artifact id: '75650f3d7ebc146bc7da7aa6bca28f26') in 0.019424 seconds 
========================================================================
Received Import Request.
  Time since last request: 0.485810 seconds.
  path: Assets/Dissonance/Integrations/MirrorIgnorance/Demo/MirrorIgnorance Player Prefab.prefab
  artifactKey: Guid(33b43533fb4799c4796560f465e0eb26) Importer(815301076,1909f56bfc062723c751e8b465ee728b)
Start importing Assets/Dissonance/Integrations/MirrorIgnorance/Demo/MirrorIgnorance Player Prefab.prefab using Guid(33b43533fb4799c4796560f465e0eb26) Importer(815301076,1909f56bfc062723c751e8b465ee728b)  -> (artifact id: '9c8fbd7dc5fbaecff416e8ee210dbbdd') in 0.018756 seconds 
========================================================================
Received Import Request.
  Time since last request: 2.753573 seconds.
  path: Assets/Dissonance/Integrations/MirrorIgnorance/Demo/MirrorIgnorance Player Prefab.prefab
  artifactKey: Guid(33b43533fb4799c4796560f465e0eb26) Importer(815301076,1909f56bfc062723c751e8b465ee728b)
Start importing Assets/Dissonance/Integrations/MirrorIgnorance/Demo/MirrorIgnorance Player Prefab.prefab using Guid(33b43533fb4799c4796560f465e0eb26) Importer(815301076,1909f56bfc062723c751e8b465ee728b)  -> (artifact id: '78cba12a032b6e8821271f8fe8d1b242') in 0.022452 seconds 
========================================================================
Received Import Request.
  Time since last request: 1.422984 seconds.
  path: Assets/Dissonance/Integrations/MirrorIgnorance/Demo/MirrorIgnorance Player Prefab.prefab
  artifactKey: Guid(33b43533fb4799c4796560f465e0eb26) Importer(815301076,1909f56bfc062723c751e8b465ee728b)
Start importing Assets/Dissonance/Integrations/MirrorIgnorance/Demo/MirrorIgnorance Player Prefab.prefab using Guid(33b43533fb4799c4796560f465e0eb26) Importer(815301076,1909f56bfc062723c751e8b465ee728b)  -> (artifact id: 'c9499a5fb79766f25cf39797e13dc786') in 0.024546 seconds 
========================================================================
Received Prepare
Registering precompiled user dll's ...
Registered in 0.050104 seconds.
Begin MonoManager ReloadAssembly
Symbol file LoadedFromMemory doesn't match image D:\Projects\MLAPI_Test\Library\PackageCache\com.unity.visualscripting@1.6.1\Editor\VisualScripting.Core\Dependencies\DotNetZip\Unity.VisualScripting.IonicZip.dll
Symbol file LoadedFromMemory doesn't match image D:\Projects\MLAPI_Test\Library\PackageCache\com.unity.visualscripting@1.6.1\Editor\VisualScripting.Core\Dependencies\YamlDotNet\Unity.VisualScripting.YamlDotNet.dll
Native extension for WindowsStandalone target not found
Refreshing native plugins compatible for Editor in 2.51 ms, found 5 plugins.
Preloading 1 native plugins for Editor in 0.08 ms.
[ScriptCompilation] NOT recompiling all scripts because this is an import worker process. Reason to compile was: Define symbols changed
Mono: successfully reloaded assembly
- Completed reload, in  5.093 seconds
Domain Reload Profiling:
	ReloadAssembly (5094ms)
		BeginReloadAssembly (512ms)
			ExecutionOrderSort (0ms)
			DisableScriptedObjects (22ms)
			BackupInstance (0ms)
			ReleaseScriptingObjects (0ms)
			CreateAndSetChildDomain (147ms)
		EndReloadAssembly (4382ms)
			LoadAssemblies (537ms)
			RebuildTransferFunctionScriptingTraits (0ms)
			SetupTypeCache (1920ms)
			ReleaseScriptCaches (19ms)
			RebuildScriptCaches (183ms)
			SetupLoadedEditorAssemblies (1199ms)
				LogAssemblyErrors (0ms)
				InitializePlatformSupportModulesInManaged (16ms)
				SetLoadedEditorAssemblies (1ms)
				RefreshPlugins (3ms)
				BeforeProcessingInitializeOnLoad (313ms)
				ProcessInitializeOnLoadAttributes (824ms)
				ProcessInitializeOnLoadMethodAttributes (34ms)
				AfterProcessingInitializeOnLoad (7ms)
				EditorAssembliesLoaded (1ms)
			ExecutionOrderSort2 (0ms)
			AwakeInstancesAfterBackupRestoration (71ms)
Platform modules already initialized, skipping
Refreshing native plugins compatible for Editor in 5.33 ms, found 5 plugins.
Preloading 1 native plugins for Editor in 0.07 ms.
Unloading 4993 Unused Serialized files (Serialized files now loaded: 0)
System memory in use before: 197.9 MB.
System memory in use after: 198.0 MB.

Unloading 61 unused Assets to reduce memory usage. Loaded Objects now: 5622.
Total: 11.082200 ms (FindLiveObjects: 1.838900 ms CreateObjectMapping: 1.288100 ms MarkObjects: 7.478000 ms  DeleteObjects: 0.474600 ms)

AssetImportParameters requested are different than current active one (requested -> active):
  custom:framework-win-MediaFoundation: 216162199b28c13a410421893ffa2e32 -> 
  custom:video-decoder-ogg-theora: a1e56fd34408186e4bbccfd4996cb3dc -> 
  custom:container-muxer-webm: aa71ff27fc2769a1b78a27578f13a17b -> 
  custom:container-demuxer-webm: 4f35f7cbe854078d1ac9338744f61a02 -> 
  custom:container-demuxer-ogg: 62fdf1f143b41e24485cea50d1cbac27 -> 
  custom:video-encoder-webm-vp8: eb34c28f22e8b96e1ab97ce403110664 -> 
  custom:video-decoder-webm-vp8: 9c59270c3fd7afecdb556c50c9e8de78 -> 
  custom:audio-decoder-ogg-vorbis: bf7c407c2cedff20999df2af8eb42d56 -> 
  custom:audio-encoder-webm-vorbis: bf7c407c2cedff20999df2af8eb42d56 -> 
========================================================================
Received Prepare
Registering precompiled user dll's ...
Registered in 0.199558 seconds.
Begin MonoManager ReloadAssembly
Symbol file LoadedFromMemory doesn't match image D:\Projects\MLAPI_Test\Library\PackageCache\com.unity.visualscripting@1.6.1\Editor\VisualScripting.Core\Dependencies\DotNetZip\Unity.VisualScripting.IonicZip.dll
Symbol file LoadedFromMemory doesn't match image D:\Projects\MLAPI_Test\Library\PackageCache\com.unity.visualscripting@1.6.1\Editor\VisualScripting.Core\Dependencies\YamlDotNet\Unity.VisualScripting.YamlDotNet.dll
Native extension for WindowsStandalone target not found
Refreshing native plugins compatible for Editor in 3.22 ms, found 5 plugins.
Preloading 1 native plugins for Editor in 0.08 ms.
[ScriptCompilation] NOT recompiling all scripts because this is an import worker process. Reason to compile was: Define symbols changed
Mono: successfully reloaded assembly
- Completed reload, in  4.033 seconds
Domain Reload Profiling:
	ReloadAssembly (4034ms)
		BeginReloadAssembly (409ms)
			ExecutionOrderSort (0ms)
			DisableScriptedObjects (14ms)
			BackupInstance (0ms)
			ReleaseScriptingObjects (0ms)
			CreateAndSetChildDomain (134ms)
		EndReloadAssembly (3451ms)
			LoadAssemblies (416ms)
			RebuildTransferFunctionScriptingTraits (0ms)
			SetupTypeCache (1454ms)
			ReleaseScriptCaches (3ms)
			RebuildScriptCaches (199ms)
			SetupLoadedEditorAssemblies (959ms)
				LogAssemblyErrors (0ms)
				InitializePlatformSupportModulesInManaged (15ms)
				SetLoadedEditorAssemblies (2ms)
				RefreshPlugins (3ms)
				BeforeProcessingInitializeOnLoad (214ms)
				ProcessInitializeOnLoadAttributes (684ms)
				ProcessInitializeOnLoadMethodAttributes (34ms)
				AfterProcessingInitializeOnLoad (6ms)
				EditorAssembliesLoaded (1ms)
			ExecutionOrderSort2 (0ms)
			AwakeInstancesAfterBackupRestoration (57ms)
Platform modules already initialized, skipping
Refreshing native plugins compatible for Editor in 2.19 ms, found 5 plugins.
Preloading 1 native plugins for Editor in 0.07 ms.
Unloading 4993 Unused Serialized files (Serialized files now loaded: 0)
System memory in use before: 197.9 MB.
System memory in use after: 198.1 MB.

Unloading 61 unused Assets to reduce memory usage. Loaded Objects now: 5625.
Total: 9.299800 ms (FindLiveObjects: 1.424700 ms CreateObjectMapping: 0.802600 ms MarkObjects: 6.721400 ms  DeleteObjects: 0.349000 ms)

AssetImportParameters requested are different than current active one (requested -> active):
  custom:framework-win-MediaFoundation: 216162199b28c13a410421893ffa2e32 -> 
  custom:video-decoder-ogg-theora: a1e56fd34408186e4bbccfd4996cb3dc -> 
  custom:container-muxer-webm: aa71ff27fc2769a1b78a27578f13a17b -> 
  custom:container-demuxer-webm: 4f35f7cbe854078d1ac9338744f61a02 -> 
  custom:container-demuxer-ogg: 62fdf1f143b41e24485cea50d1cbac27 -> 
  custom:video-encoder-webm-vp8: eb34c28f22e8b96e1ab97ce403110664 -> 
  custom:video-decoder-webm-vp8: 9c59270c3fd7afecdb556c50c9e8de78 -> 
  custom:audio-decoder-ogg-vorbis: bf7c407c2cedff20999df2af8eb42d56 -> 
  custom:audio-encoder-webm-vorbis: bf7c407c2cedff20999df2af8eb42d56 -> 
========================================================================
Received Prepare
Registering precompiled user dll's ...
Registered in 0.031058 seconds.
Begin MonoManager ReloadAssembly
Symbol file LoadedFromMemory doesn't match image D:\Projects\MLAPI_Test\Library\PackageCache\com.unity.visualscripting@1.6.1\Editor\VisualScripting.Core\Dependencies\DotNetZip\Unity.VisualScripting.IonicZip.dll
Symbol file LoadedFromMemory doesn't match image D:\Projects\MLAPI_Test\Library\PackageCache\com.unity.visualscripting@1.6.1\Editor\VisualScripting.Core\Dependencies\YamlDotNet\Unity.VisualScripting.YamlDotNet.dll
Native extension for WindowsStandalone target not found
Refreshing native plugins compatible for Editor in 3.52 ms, found 5 plugins.
Preloading 1 native plugins for Editor in 0.08 ms.
[ScriptCompilation] NOT recompiling all scripts because this is an import worker process. Reason to compile was: Define symbols changed
Mono: successfully reloaded assembly
- Completed reload, in  3.770 seconds
Domain Reload Profiling:
	ReloadAssembly (3771ms)
		BeginReloadAssembly (300ms)
			ExecutionOrderSort (0ms)
			DisableScriptedObjects (16ms)
			BackupInstance (0ms)
			ReleaseScriptingObjects (0ms)
			CreateAndSetChildDomain (94ms)
		EndReloadAssembly (3296ms)
			LoadAssemblies (360ms)
			RebuildTransferFunctionScriptingTraits (0ms)
			SetupTypeCache (1276ms)
			ReleaseScriptCaches (4ms)
			RebuildScriptCaches (155ms)
			SetupLoadedEditorAssemblies (1060ms)
				LogAssemblyErrors (0ms)
				InitializePlatformSupportModulesInManaged (19ms)
				SetLoadedEditorAssemblies (1ms)
				RefreshPlugins (4ms)
				BeforeProcessingInitializeOnLoad (235ms)
				ProcessInitializeOnLoadAttributes (759ms)
				ProcessInitializeOnLoadMethodAttributes (34ms)
				AfterProcessingInitializeOnLoad (7ms)
				EditorAssembliesLoaded (1ms)
			ExecutionOrderSort2 (0ms)
			AwakeInstancesAfterBackupRestoration (60ms)
Platform modules already initialized, skipping
Refreshing native plugins compatible for Editor in 3.38 ms, found 5 plugins.
Preloading 1 native plugins for Editor in 0.06 ms.
Unloading 4993 Unused Serialized files (Serialized files now loaded: 0)
System memory in use before: 197.9 MB.
System memory in use after: 198.1 MB.

Unloading 61 unused Assets to reduce memory usage. Loaded Objects now: 5628.
Total: 7.502800 ms (FindLiveObjects: 0.793100 ms CreateObjectMapping: 0.608400 ms MarkObjects: 5.740400 ms  DeleteObjects: 0.359000 ms)

AssetImportParameters requested are different than current active one (requested -> active):
  custom:framework-win-MediaFoundation: 216162199b28c13a410421893ffa2e32 -> 
  custom:video-decoder-ogg-theora: a1e56fd34408186e4bbccfd4996cb3dc -> 
  custom:container-muxer-webm: aa71ff27fc2769a1b78a27578f13a17b -> 
  custom:container-demuxer-webm: 4f35f7cbe854078d1ac9338744f61a02 -> 
  custom:container-demuxer-ogg: 62fdf1f143b41e24485cea50d1cbac27 -> 
  custom:video-encoder-webm-vp8: eb34c28f22e8b96e1ab97ce403110664 -> 
  custom:video-decoder-webm-vp8: 9c59270c3fd7afecdb556c50c9e8de78 -> 
  custom:audio-decoder-ogg-vorbis: bf7c407c2cedff20999df2af8eb42d56 -> 
  custom:audio-encoder-webm-vorbis: bf7c407c2cedff20999df2af8eb42d56 -> 
========================================================================
Received Prepare
Registering precompiled user dll's ...
Registered in 0.036172 seconds.
Begin MonoManager ReloadAssembly
Symbol file LoadedFromMemory doesn't match image D:\Projects\MLAPI_Test\Library\PackageCache\com.unity.visualscripting@1.6.1\Editor\VisualScripting.Core\Dependencies\DotNetZip\Unity.VisualScripting.IonicZip.dll
Symbol file LoadedFromMemory doesn't match image D:\Projects\MLAPI_Test\Library\PackageCache\com.unity.visualscripting@1.6.1\Editor\VisualScripting.Core\Dependencies\YamlDotNet\Unity.VisualScripting.YamlDotNet.dll
Native extension for WindowsStandalone target not found
Refreshing native plugins compatible for Editor in 3.28 ms, found 5 plugins.
Preloading 1 native plugins for Editor in 0.09 ms.
[ScriptCompilation] NOT recompiling all scripts because this is an import worker process. Reason to compile was: Define symbols changed
Mono: successfully reloaded assembly
- Completed reload, in  4.068 seconds
Domain Reload Profiling:
	ReloadAssembly (4069ms)
		BeginReloadAssembly (426ms)
			ExecutionOrderSort (0ms)
			DisableScriptedObjects (21ms)
			BackupInstance (0ms)
			ReleaseScriptingObjects (0ms)
			CreateAndSetChildDomain (141ms)
		EndReloadAssembly (3433ms)
			LoadAssemblies (426ms)
			RebuildTransferFunctionScriptingTraits (0ms)
			SetupTypeCache (1352ms)
			ReleaseScriptCaches (4ms)
			RebuildScriptCaches (181ms)
			SetupLoadedEditorAssemblies (1046ms)
				LogAssemblyErrors (0ms)
				InitializePlatformSupportModulesInManaged (15ms)
				SetLoadedEditorAssemblies (1ms)
				RefreshPlugins (4ms)
				BeforeProcessingInitializeOnLoad (221ms)
				ProcessInitializeOnLoadAttributes (766ms)
				ProcessInitializeOnLoadMethodAttributes (32ms)
				AfterProcessingInitializeOnLoad (7ms)
				EditorAssembliesLoaded (1ms)
			ExecutionOrderSort2 (0ms)
			AwakeInstancesAfterBackupRestoration (56ms)
Platform modules already initialized, skipping
Refreshing native plugins compatible for Editor in 4.01 ms, found 5 plugins.
Preloading 1 native plugins for Editor in 0.10 ms.
Unloading 4993 Unused Serialized files (Serialized files now loaded: 0)
System memory in use before: 198.0 MB.
System memory in use after: 198.1 MB.

Unloading 61 unused Assets to reduce memory usage. Loaded Objects now: 5631.
Total: 10.314800 ms (FindLiveObjects: 1.093600 ms CreateObjectMapping: 0.912100 ms MarkObjects: 7.851100 ms  DeleteObjects: 0.455400 ms)

AssetImportParameters requested are different than current active one (requested -> active):
  custom:framework-win-MediaFoundation: 216162199b28c13a410421893ffa2e32 -> 
  custom:video-decoder-ogg-theora: a1e56fd34408186e4bbccfd4996cb3dc -> 
  custom:container-muxer-webm: aa71ff27fc2769a1b78a27578f13a17b -> 
  custom:container-demuxer-webm: 4f35f7cbe854078d1ac9338744f61a02 -> 
  custom:container-demuxer-ogg: 62fdf1f143b41e24485cea50d1cbac27 -> 
  custom:video-encoder-webm-vp8: eb34c28f22e8b96e1ab97ce403110664 -> 
  custom:video-decoder-webm-vp8: 9c59270c3fd7afecdb556c50c9e8de78 -> 
  custom:audio-decoder-ogg-vorbis: bf7c407c2cedff20999df2af8eb42d56 -> 
  custom:audio-encoder-webm-vorbis: bf7c407c2cedff20999df2af8eb42d56 -> 
========================================================================
Received Prepare
Registering precompiled user dll's ...
Registered in 0.228467 seconds.
Begin MonoManager ReloadAssembly
Symbol file LoadedFromMemory doesn't match image D:\Projects\MLAPI_Test\Library\PackageCache\com.unity.visualscripting@1.6.1\Editor\VisualScripting.Core\Dependencies\DotNetZip\Unity.VisualScripting.IonicZip.dll
Symbol file LoadedFromMemory doesn't match image D:\Projects\MLAPI_Test\Library\PackageCache\com.unity.visualscripting@1.6.1\Editor\VisualScripting.Core\Dependencies\YamlDotNet\Unity.VisualScripting.YamlDotNet.dll
Native extension for WindowsStandalone target not found
Refreshing native plugins compatible for Editor in 4.71 ms, found 5 plugins.
Preloading 1 native plugins for Editor in 0.09 ms.
Mono: successfully reloaded assembly
- Completed reload, in  4.970 seconds
Domain Reload Profiling:
	ReloadAssembly (4971ms)
		BeginReloadAssembly (459ms)
			ExecutionOrderSort (0ms)
			DisableScriptedObjects (18ms)
			BackupInstance (0ms)
			ReleaseScriptingObjects (0ms)
			CreateAndSetChildDomain (158ms)
		EndReloadAssembly (4309ms)
			LoadAssemblies (534ms)
			RebuildTransferFunctionScriptingTraits (0ms)
			SetupTypeCache (1642ms)
			ReleaseScriptCaches (4ms)
			RebuildScriptCaches (210ms)
			SetupLoadedEditorAssemblies (1366ms)
				LogAssemblyErrors (0ms)
				InitializePlatformSupportModulesInManaged (17ms)
				SetLoadedEditorAssemblies (1ms)
				RefreshPlugins (5ms)
				BeforeProcessingInitializeOnLoad (273ms)
				ProcessInitializeOnLoadAttributes (1020ms)
				ProcessInitializeOnLoadMethodAttributes (40ms)
				AfterProcessingInitializeOnLoad (8ms)
				EditorAssembliesLoaded (2ms)
			ExecutionOrderSort2 (0ms)
			AwakeInstancesAfterBackupRestoration (74ms)
Platform modules already initialized, skipping
Refreshing native plugins compatible for Editor in 8.91 ms, found 5 plugins.
Preloading 1 native plugins for Editor in 0.10 ms.
Unloading 4993 Unused Serialized files (Serialized files now loaded: 0)
System memory in use before: 197.7 MB.
System memory in use after: 197.9 MB.

Unloading 61 unused Assets to reduce memory usage. Loaded Objects now: 5634.
Total: 18.515700 ms (FindLiveObjects: 1.640700 ms CreateObjectMapping: 2.038500 ms MarkObjects: 13.659500 ms  DeleteObjects: 1.169300 ms)

AssetImportParameters requested are different than current active one (requested -> active):
  custom:framework-win-MediaFoundation: 216162199b28c13a410421893ffa2e32 -> 
  custom:video-decoder-ogg-theora: a1e56fd34408186e4bbccfd4996cb3dc -> 
  custom:container-muxer-webm: aa71ff27fc2769a1b78a27578f13a17b -> 
  custom:container-demuxer-webm: 4f35f7cbe854078d1ac9338744f61a02 -> 
  custom:container-demuxer-ogg: 62fdf1f143b41e24485cea50d1cbac27 -> 
  custom:video-encoder-webm-vp8: eb34c28f22e8b96e1ab97ce403110664 -> 
  custom:video-decoder-webm-vp8: 9c59270c3fd7afecdb556c50c9e8de78 -> 
  custom:audio-decoder-ogg-vorbis: bf7c407c2cedff20999df2af8eb42d56 -> 
  custom:audio-encoder-webm-vorbis: bf7c407c2cedff20999df2af8eb42d56 -> 
AssetImportWorkerClient::OnTransportError - code=2 error=End of file
