Using pre-set license
Built from '2021.1/staging' branch; Version is '2021.1.12f1 (afcadd793de6) revision 11520733'; Using compiler version '192528614'; Build Type 'Release'
OS: 'Windows 10 Pro; OS build 19042.1110; Version 2009; 64bit' Language: 'en' Physical Memory: 32612 MB
BatchMode: 1, IsHumanControllingUs: 0, StartBugReporterOnCrash: 0, Is64bit: 1, IsPro: 0

 COMMAND LINE ARGUMENTS:
E:\Unity\2021.1.12f1\Editor\Unity.exe
-adb2
-batchMode
-noUpm
-name
AssetImportWorker0
-projectPath
D:/Projects/MLAPI_Test
-logFile
Logs/AssetImportWorker0.log
-srvPort
65406
Successfully changed project path to: D:/Projects/MLAPI_Test
D:/Projects/MLAPI_Test
Using Asset Import Pipeline V2.
Refreshing native plugins compatible for Editor in 200.78 ms, found 5 plugins.
Preloading 1 native plugins for Editor in 1.14 ms.
Initialize engine version: 2021.1.12f1 (afcadd793de6)
[Subsystems] Discovering subsystems at path E:/Unity/2021.1.12f1/Editor/Data/Resources/UnitySubsystems
[Subsystems] Discovering subsystems at path D:/Projects/MLAPI_Test/Assets
GfxDevice: creating device client; threaded=0; jobified=0
Direct3D:
    Version:  Direct3D 11.0 [level 11.1]
    Renderer: NVIDIA GeForce RTX 2070 with Max-Q Design (ID=0x1f10)
    Vendor:   NVIDIA
    VRAM:     8031 MB
    Driver:   27.21.14.6647
Initialize mono
Mono path[0] = 'E:/Unity/2021.1.12f1/Editor/Data/Managed'
Mono path[1] = 'E:/Unity/2021.1.12f1/Editor/Data/MonoBleedingEdge/lib/mono/unityjit'
Mono config path = 'E:/Unity/2021.1.12f1/Editor/Data/MonoBleedingEdge/etc'
Using monoOptions --debugger-agent=transport=dt_socket,embedding=1,server=y,suspend=n,address=127.0.0.1:56416
Begin MonoManager ReloadAssembly
Registering precompiled unity dll's ...
Register platform support module: E:/Unity/2021.1.12f1/Editor/Data/PlaybackEngines/WindowsStandaloneSupport/UnityEditor.WindowsStandalone.Extensions.dll
Registered in 0.001705 seconds.
Native extension for WindowsStandalone target not found
Refreshing native plugins compatible for Editor in 206.68 ms, found 5 plugins.
Preloading 1 native plugins for Editor in 0.06 ms.
Mono: successfully reloaded assembly
- Completed reload, in  4.413 seconds
Domain Reload Profiling:
	ReloadAssembly (4414ms)
		BeginReloadAssembly (84ms)
			ExecutionOrderSort (0ms)
			DisableScriptedObjects (0ms)
			BackupInstance (0ms)
			ReleaseScriptingObjects (0ms)
			CreateAndSetChildDomain (2ms)
		EndReloadAssembly (1018ms)
			LoadAssemblies (83ms)
			RebuildTransferFunctionScriptingTraits (0ms)
			SetupTypeCache (335ms)
			ReleaseScriptCaches (0ms)
			RebuildScriptCaches (107ms)
			SetupLoadedEditorAssemblies (488ms)
				LogAssemblyErrors (0ms)
				InitializePlatformSupportModulesInManaged (14ms)
				SetLoadedEditorAssemblies (1ms)
				RefreshPlugins (207ms)
				BeforeProcessingInitializeOnLoad (2ms)
				ProcessInitializeOnLoadAttributes (184ms)
				ProcessInitializeOnLoadMethodAttributes (80ms)
				AfterProcessingInitializeOnLoad (0ms)
				EditorAssembliesLoaded (0ms)
			ExecutionOrderSort2 (0ms)
			AwakeInstancesAfterBackupRestoration (0ms)
Platform modules already initialized, skipping
Registering precompiled user dll's ...
Registered in 0.018269 seconds.
Begin MonoManager ReloadAssembly
Symbol file LoadedFromMemory doesn't match image D:\Projects\MLAPI_Test\Library\PackageCache\com.unity.visualscripting@1.6.1\Editor\VisualScripting.Core\Dependencies\DotNetZip\Unity.VisualScripting.IonicZip.dll
Symbol file LoadedFromMemory doesn't match image D:\Projects\MLAPI_Test\Library\PackageCache\com.unity.visualscripting@1.6.1\Editor\VisualScripting.Core\Dependencies\YamlDotNet\Unity.VisualScripting.YamlDotNet.dll
Native extension for WindowsStandalone target not found
Refreshing native plugins compatible for Editor in 161.85 ms, found 5 plugins.
Preloading 1 native plugins for Editor in 0.06 ms.
Find all reader and writers took 176 milliseconds
Script Module: UnityEngine.UI.dll
Weave behaviours and messages took 182 milliseconds
Find all reader and writers took 167 milliseconds
Script Module: DissonanceVoip.dll
Weave behaviours and messages took 223 milliseconds
Find all reader and writers took 166 milliseconds
Script Module: Unity.RenderPipelines.Core.Runtime.dll
Weave behaviours and messages took 120 milliseconds
Find all reader and writers took 161 milliseconds
Script Module: UnityEngine.TestRunner.dll
Weave behaviours and messages took 75 milliseconds
Find all reader and writers took 166 milliseconds
Script Module: Unity.Mathematics.dll
Weave behaviours and messages took 543 milliseconds
Find all reader and writers took 175 milliseconds
Script Module: SimpleWebTransport.dll
Weave behaviours and messages took 15 milliseconds
Find all reader and writers took 220 milliseconds
Script Module: Unity.Multiplayer.MLAPI.Runtime.dll
Weave behaviours and messages took 101 milliseconds
Find all reader and writers took 184 milliseconds
Script Module: Unity.VisualScripting.State.dll
Weave behaviours and messages took 18 milliseconds
Find all reader and writers took 216 milliseconds
Script Module: Unity.VisualScripting.Core.dll
Weave behaviours and messages took 546 milliseconds
Find all reader and writers took 205 milliseconds
Script Module: Unity.RenderPipelines.Universal.Runtime.dll
Weave behaviours and messages took 208 milliseconds
Find all reader and writers took 201 milliseconds
Script Module: Unity.VisualScripting.Flow.dll
Weave behaviours and messages took 267 milliseconds
Find all reader and writers took 217 milliseconds
Script Module: Unity.TextMeshPro.dll
Weave behaviours and messages took 201 milliseconds
Find all reader and writers took 223 milliseconds
Script Module: Unity.Timeline.dll
Weave behaviours and messages took 126 milliseconds
Find all reader and writers took 220 milliseconds
Script Module: Photon Realtime MLAPI Transport.dll
Weave behaviours and messages took 59 milliseconds
Find all reader and writers took 210 milliseconds
Script Module: Telepathy.dll
Weave behaviours and messages took 13 milliseconds
Find all reader and writers took 176 milliseconds
Script Module: kcp2k.dll
Weave behaviours and messages took 9 milliseconds
Find all reader and writers took 171 milliseconds
Script Module: Unity.RenderPipeline.Universal.ShaderLibrary.dll
Weave behaviours and messages took 0 milliseconds
Find all reader and writers took 163 milliseconds
Script Module: where-allocations.dll
Weave behaviours and messages took 0 milliseconds
Find all reader and writers took 156 milliseconds
Script Module: Assembly-CSharp-firstpass.dll
Weave behaviours and messages took 17 milliseconds
Find all reader and writers took 151 milliseconds
Script Module: Unity.RenderPipelines.Core.ShaderLibrary.dll
Weave behaviours and messages took 0 milliseconds
Find all reader and writers took 167 milliseconds
Script Module: Unity.Multiplayer.MLAPI.Prototyping.dll
Weave behaviours and messages took 9 milliseconds
Find all reader and writers took 148 milliseconds
Script Module: Unity.RenderPipelines.Universal.Shaders.dll
Weave behaviours and messages took 0 milliseconds
Find all reader and writers took 158 milliseconds
Script Module: Unity.RenderPipelines.ShaderGraph.ShaderGraphLibrary.dll
Weave behaviours and messages took 0 milliseconds
Find all reader and writers took 181 milliseconds
Script Module: VSSettingsProvider.dll
Weave behaviours and messages took 2 milliseconds
Find all reader and writers took 241 milliseconds
Script Module: UnityEditor.TestRunner.dll
Weave behaviours and messages took 90 milliseconds
Find all reader and writers took 226 milliseconds
Script Module: ParrelSync.dll
Weave behaviours and messages took 6 milliseconds
Find all reader and writers took 337 milliseconds
Script Module: DissonanceVoipEditor.dll
Weave behaviours and messages took 31 milliseconds
Find all reader and writers took 343 milliseconds
Script Module: Mirror.CompilerSymbols.dll
Weave behaviours and messages took 0 milliseconds
